<?xml version="1.0" encoding="UTF-8"?>
<!-- Generated by org.testng.reporters.JUnitReportReporter -->
<testsuite hostname="DESKTOP-4Q6IINH" failures="0" tests="3" name="com.testing.SimpleAnnotation" time="0.056" errors="0" timestamp="2024-11-18T20:22:50 IST" skipped="0">
  <testcase classname="com.testing.SimpleAnnotation" name="kit" time="0.017"/>
  <system-out/>
  <testcase classname="com.testing.SimpleAnnotation" name="women" time="0.016"/>
  <system-out/>
  <testcase classname="com.testing.SimpleAnnotation" name="men" time="0.023"/>
  <system-out/>
</testsuite> <!-- com.testing.SimpleAnnotation -->
